2017-05-03 22:08 +08:00: [0mGET / [32m200 [0m41.529 ms - 10762[0m
2017-05-03 22:08 +08:00: [0mGET /dropify/css/dropify.min.css [36m304 [0m11.876 ms - -[0m
2017-05-03 22:08 +08:00: [0mGET /easyui/themes/default/easyui.css [36m304 [0m10.125 ms - -[0m
2017-05-03 22:08 +08:00: [0mGET /easyui/themes/icon.css [36m304 [0m10.319 ms - -[0m
2017-05-03 22:08 +08:00: [0mGET /easyui/jquery.min.js [36m304 [0m11.357 ms - -[0m
2017-05-03 22:08 +08:00: [0mGET /easyui/jquery.easyui.min.js [36m304 [0m7.041 ms - -[0m
2017-05-03 22:08 +08:00: [0mGET /easyui/datagrid-cellediting.js [36m304 [0m10.139 ms - -[0m
2017-05-03 22:08 +08:00: [0mGET /easyui/datagrid-detailview.js [36m304 [0m3.453 ms - -[0m
2017-05-03 22:08 +08:00: [0mGET /easyui/datagrid-groupview.js [36m304 [0m2.750 ms - -[0m
2017-05-03 22:08 +08:00: [0mGET /easyui/locale/easyui-lang-zh_CN.js [36m304 [0m2.418 ms - -[0m
2017-05-03 22:08 +08:00: [0mGET /dropify/js/dropify.min.js [36m304 [0m2.728 ms - -[0m
2017-05-03 22:08 +08:00: [0mGET /easyui/themes/default/images/passwordbox_open.png [36m304 [0m0.664 ms - -[0m
2017-05-03 22:08 +08:00: [0mGET /easyui/themes/default/images/blank.gif [36m304 [0m0.858 ms - -[0m
2017-05-03 22:08 +08:00: [0mGET /easyui/themes/default/images/panel_tools.png [36m304 [0m0.507 ms - -[0m
2017-05-03 22:08 +08:00: [0mGET /easyui/themes/default/images/layout_arrows.png [36m304 [0m0.485 ms - -[0m
2017-05-03 22:08 +08:00: [0mPOST / [32m200 [0m7.483 ms - 6549[0m
2017-05-03 22:08 +08:00: [0mPOST / [32m200 [0m57.930 ms - 1472[0m
2017-05-03 22:08 +08:00: [0mGET /easyui/themes/default/images/tabs_icons.png [36m304 [0m4.061 ms - -[0m
2017-05-03 22:08 +08:00: [0mGET /easyui/themes/default/images/tree_icons.png [36m304 [0m3.497 ms - -[0m
2017-05-03 22:08 +08:00: [0mGET /mix?_=1493820493599 [32m200 [0m5.350 ms - 24737[0m
2017-05-03 22:08 +08:00: [0mGET /easyui/themes/default/images/loading.gif [32m200 [0m16.331 ms - 1737[0m
2017-05-03 22:08 +08:00: [0mGET /easyui/themes/default/images/combo_arrow.png [32m200 [0m1.762 ms - 117[0m
2017-05-03 22:08 +08:00: [0mPOST /mix/listMemberRole [32m200 [0m5.573 ms - 279[0m
2017-05-03 22:08 +08:00: [0mGET /easyui/themes/default/images/searchbox_button.png [32m200 [0m1.335 ms - 813[0m
2017-05-03 22:08 +08:00: [0mGET /easyui/themes/default/images/menu_arrows.png [32m200 [0m1.465 ms - 160[0m
2017-05-03 22:08 +08:00: [0mGET /easyui/themes/icons/search.png [32m200 [0m2.045 ms - 813[0m
2017-05-03 22:08 +08:00: [0mGET /user?_=1493820493600 [36m302 [0m6.469 ms - 64[0m
2017-05-03 22:08 +08:00: [0mGET /user/multi [32m200 [0m3.921 ms - 14142[0m
2017-05-03 22:08 +08:00: [0mPOST /user/initData [32m200 [0m4.229 ms - 336[0m
2017-05-03 22:08 +08:00: [0mGET /easyui/themes/icons/folder_go.png [32m200 [0m7.168 ms - 694[0m
2017-05-03 22:08 +08:00: [0mGET /easyui/themes/icons/edit_add.png [32m200 [0m6.276 ms - 1088[0m
2017-05-03 22:08 +08:00: [0mGET /easyui/themes/icons/edit_remove.png [32m200 [0m8.124 ms - 625[0m
2017-05-03 22:08 +08:00: [0mGET /easyui/themes/icons/filesave.png [32m200 [0m6.052 ms - 898[0m
2017-05-03 22:08 +08:00: [0mGET /easyui/themes/icons/redo.png [32m200 [0m5.689 ms - 708[0m
2017-05-03 22:08 +08:00: [0mGET /easyui/themes/default/images/datagrid_icons.png [32m200 [0m1.071 ms - 307[0m
2017-05-03 22:08 +08:00: [0mGET /easyui/themes/default/images/pagination_icons.png [32m200 [0m1.160 ms - 628[0m
2017-05-03 22:08 +08:00: [0mPOST /user/multi [32m200 [0m4.503 ms - 1594[0m
2017-05-03 22:08 +08:00: [0mGET /user/wage/1?_=1493820493601 [32m200 [0m4.320 ms - 7066[0m
2017-05-03 22:08 +08:00: [0mPOST /user/wage [32m200 [0m7.454 ms - 21[0m
2017-05-03 22:08 +08:00: [0mGET /user/wage/3?_=1493820493602 [32m200 [0m4.115 ms - 7071[0m
2017-05-03 22:08 +08:00: [0mPOST /user/wage [32m200 [0m6.551 ms - 21[0m
2017-05-03 22:08 +08:00: [0mGET /member?_=1493820493603 [36m302 [0m3.109 ms - 68[0m
2017-05-03 22:08 +08:00: [0mGET /member/multi [32m200 [0m3.754 ms - 19250[0m
2017-05-03 22:08 +08:00: [0mPOST /member/initData [32m200 [0m2.154 ms - 602[0m
2017-05-03 22:08 +08:00: [0mPOST /member/multi [32m200 [0m7.327 ms - 5766[0m
2017-05-03 22:08 +08:00: [0mGET /member/case/80?_=1493820493604 [32m200 [0m3.487 ms - 5176[0m
2017-05-03 22:08 +08:00: [0mGET /dropify/fonts/dropify.woff [32m200 [0m14.780 ms - 3052[0m
2017-05-03 22:08 +08:00: [0mGET /memberCase/ID80_up.jpg [31m500 [0m4.519 ms - 1283[0m
2017-05-03 22:08 +08:00: [0mGET /memberCase/ID80_right.jpg [31m500 [0m3.073 ms - 1283[0m
2017-05-03 22:08 +08:00: [0mGET /memberCase/ID80_down.jpg [31m500 [0m4.781 ms - 1283[0m
2017-05-03 22:08 +08:00: [0mGET /memberCase/ID80_left.jpg [31m500 [0m4.575 ms - 1283[0m
2017-05-03 22:08 +08:00: [0mGET /memberAdmin?_=1493820493605 [36m302 [0m2.208 ms - 78[0m
2017-05-03 22:08 +08:00: [0mGET /memberAdmin/multi [32m200 [0m11.765 ms - 19361[0m
2017-05-03 22:08 +08:00: [0mPOST /memberAdmin/initData [32m200 [0m2.600 ms - 602[0m
2017-05-03 22:08 +08:00: [0mPOST /memberAdmin/multi [32m200 [0m4.190 ms - 5766[0m
2017-05-03 22:08 +08:00: [0mGET /easyui/themes/default/images/messager_icons.png [32m200 [0m4.981 ms - 6116[0m
2017-05-03 22:09 +08:00: [0mPOST /memberAdmin/multi/save [32m200 [0m20.019 ms - 48[0m
2017-05-03 22:09 +08:00: [0mPOST /memberAdmin/multi [32m200 [0m4.032 ms - 5766[0m
2017-05-03 22:09 +08:00: [0mGET /commodity?_=1493820493606 [36m302 [0m1.200 ms - 74[0m
2017-05-03 22:09 +08:00: [0mGET /commodity/multi [32m200 [0m5.749 ms - 12938[0m
2017-05-03 22:09 +08:00: [0mPOST /commodity/initData [32m200 [0m4.012 ms - 164[0m
2017-05-03 22:09 +08:00: [0mPOST /commodity/multi [32m200 [0m6.111 ms - 1839[0m
2017-05-03 22:09 +08:00: [0mGET /commodity/recharge/5?_=1493820493607 [32m200 [0m8.517 ms - 5190[0m
2017-05-03 22:09 +08:00: [0mPOST /commodity/multi [32m200 [0m8.706 ms - 1839[0m
2017-05-03 22:09 +08:00: [0mGET /userWage?_=1493820493608 [36m302 [0m2.194 ms - 72[0m
2017-05-03 22:09 +08:00: [0mGET /userWage/multi [32m200 [0m9.249 ms - 14310[0m
2017-05-03 22:09 +08:00: [0mPOST /userWage/multi [32m200 [0m6.381 ms - 21[0m
2017-05-03 22:09 +08:00: [0mGET /memberConsumption?_=1493820493609 [36m302 [0m2.029 ms - 90[0m
2017-05-03 22:09 +08:00: [0mGET /memberConsumption/multi [32m200 [0m7.592 ms - 12578[0m
2017-05-03 22:09 +08:00: [0mPOST /memberConsumption/multi [32m200 [0m5.082 ms - 10351[0m
2017-05-03 22:09 +08:00: [0mGET /memberConsumptionCount?_=1493820493610 [36m302 [0m0.989 ms - 100[0m
2017-05-03 22:09 +08:00: [0mGET /memberConsumptionCount/multi [32m200 [0m7.544 ms - 14887[0m
2017-05-03 22:09 +08:00: [0mPOST /memberConsumptionCount/multiCount [32m200 [0m1.438 ms - 33[0m
2017-05-03 22:09 +08:00: [0mGET /easyui/themes/default/images/datebox_arrow.png [32m200 [0m1.401 ms - 626[0m
2017-05-03 22:09 +08:00: [0mGET /easyui/themes/default/images/calendar_arrows.png [32m200 [0m2.123 ms - 173[0m
2017-05-03 22:09 +08:00: [0mPOST /memberConsumptionCount/multiCount [32m200 [0m42.034 ms - 167004[0m
2017-05-03 22:10 +08:00: [0mGET /commodityRecharge?_=1493820493611 [36m302 [0m0.971 ms - 90[0m
2017-05-03 22:10 +08:00: [0mGET /commodityRecharge/multi [32m200 [0m8.715 ms - 11352[0m
2017-05-03 22:10 +08:00: [0mPOST /commodityRecharge/multi [32m200 [0m4.563 ms - 21[0m
2017-05-03 22:10 +08:00: [0mGET /memberRecharge?_=1493820493612 [36m302 [0m1.690 ms - 84[0m
2017-05-03 22:10 +08:00: [0mGET /memberRecharge/multi [32m200 [0m6.254 ms - 10317[0m
2017-05-03 22:10 +08:00: [0mPOST /memberRecharge/multi [32m200 [0m7.226 ms - 5245[0m
2017-05-03 22:10 +08:00: [0mGET /privilege?_=1493820493613 [36m302 [0m1.877 ms - 74[0m
2017-05-03 22:10 +08:00: [0mGET /privilege/multi [32m200 [0m3.558 ms - 9694[0m
2017-05-03 22:10 +08:00: [0mPOST /privilege/multi [32m200 [0m2.333 ms - 1262[0m
2017-05-03 22:10 +08:00: [0mGET /easyui/themes/icons/folder_add.png [32m200 [0m1.163 ms - 668[0m
2017-05-03 22:10 +08:00: [0mGET /userRole?_=1493820493614 [36m302 [0m1.139 ms - 72[0m
2017-05-03 22:10 +08:00: [0mGET /userRole/multi [32m200 [0m3.161 ms - 17091[0m
2017-05-03 22:10 +08:00: [0mPOST /userRole/initData [32m200 [0m1.653 ms - 1293[0m
2017-05-03 22:10 +08:00: [0mPOST /userRole/multi [32m200 [0m2.972 ms - 1112[0m
2017-05-03 22:10 +08:00: [0mGET /memberRole?_=1493820493615 [36m302 [0m1.345 ms - 76[0m
2017-05-03 22:10 +08:00: [0mGET /memberRole/multi [32m200 [0m9.147 ms - 11618[0m
2017-05-03 22:10 +08:00: [0mPOST /memberRole/multi [32m200 [0m3.126 ms - 570[0m
2017-05-03 22:10 +08:00: [0mGET /commodityType?_=1493820493616 [36m302 [0m1.659 ms - 82[0m
2017-05-03 22:10 +08:00: [0mGET /commodityType/multi [32m200 [0m4.280 ms - 9050[0m
2017-05-03 22:10 +08:00: [0mPOST /commodityType/multi [32m200 [0m2.057 ms - 132[0m
2017-05-03 22:10 +08:00: [0mPOST /user/multi/save [32m200 [0m10.624 ms - 48[0m
2017-05-03 22:10 +08:00: [0mPOST /user/multi [32m200 [0m3.918 ms - 1594[0m
2017-05-03 22:18 +08:00: [0mGET / [32m200 [0m33.023 ms - 10762[0m
2017-05-03 22:18 +08:00: [0mGET /dropify/css/dropify.min.css [36m304 [0m14.336 ms - -[0m
2017-05-03 22:18 +08:00: [0mGET /easyui/themes/default/easyui.css [36m304 [0m12.866 ms - -[0m
2017-05-03 22:18 +08:00: [0mGET /easyui/themes/icon.css [36m304 [0m14.009 ms - -[0m
2017-05-03 22:18 +08:00: [0mGET /easyui/jquery.min.js [36m304 [0m16.524 ms - -[0m
[0mGET /easyui/jquery.easyui.min.js [36m304 [0m17.164 ms - -[0m
2017-05-03 22:18 +08:00: [0mGET /easyui/datagrid-detailview.js [36m304 [0m25.344 ms - -[0m
2017-05-03 22:18 +08:00: [0mGET /easyui/datagrid-cellediting.js [36m304 [0m28.533 ms - -[0m
2017-05-03 22:18 +08:00: [0mGET /easyui/datagrid-groupview.js [36m304 [0m31.504 ms - -[0m
2017-05-03 22:18 +08:00: [0mGET /easyui/locale/easyui-lang-zh_CN.js [36m304 [0m32.107 ms - -[0m
2017-05-03 22:18 +08:00: [0mGET /dropify/js/dropify.min.js [36m304 [0m32.197 ms - -[0m
2017-05-03 22:18 +08:00: [0mGET /easyui/themes/default/images/passwordbox_open.png [36m304 [0m0.615 ms - -[0m
2017-05-03 22:18 +08:00: [0mGET /easyui/themes/default/images/blank.gif [36m304 [0m1.984 ms - -[0m
2017-05-03 22:18 +08:00: [0mGET /easyui/themes/default/images/panel_tools.png [36m304 [0m0.824 ms - -[0m
2017-05-03 22:18 +08:00: [0mGET /easyui/themes/default/images/layout_arrows.png [36m304 [0m0.699 ms - -[0m
2017-05-03 22:18 +08:00: [0mPOST / [32m200 [0m11.741 ms - 5594[0m
